<?xml version="1.0" encoding="UTF-8"?>
<!-- Generated by org.testng.reporters.JUnitXMLReporter -->
<testsuite ignored="0" hostname="DESKTOP-FIHM0SU" failures="0" tests="15" name="Kenzen Testcases" time="22.064" errors="0" timestamp="13 Jun 2018 13:12:35 GMT">
  <testcase classname="patch.kenzenpatch" name="login" time="5.486"/>
  <testcase classname="patch.addteam" name="teamadd" time="2.343"/>
  <testcase classname="patch.addteam" name="teamadd" time="2.779"/>
  <testcase classname="patch.addteam" name="teamadd" time="1.383"/>
  <testcase classname="patch.addteam" name="teamadd" time="1.658"/>
  <testcase classname="patch.addteam" name="teamadd" time="1.389"/>
  <testcase classname="patch.addteam" name="teamadd" time="1.397"/>
  <testcase classname="patch.addteam" name="teamadd" time="2.441"/>
  <testcase classname="patch.deleteTeam" name="delete" time="0.879"/>
  <testcase classname="patch.deleteTeam" name="delete" time="0.231"/>
  <testcase classname="patch.deleteTeam" name="delete" time="0.276"/>
  <testcase classname="patch.deleteTeam" name="delete" time="0.249"/>
  <testcase classname="patch.deleteTeam" name="delete" time="0.26"/>
  <testcase classname="patch.deleteTeam" name="delete" time="0.224"/>
  <testcase classname="patch.deleteTeam" name="delete" time="0.247"/>
</testsuite> <!-- Kenzen Testcases -->
