<?xml version="1.0" encoding="UTF-8"?>
<testng-results total="15" passed="15" failed="0" skipped="0">
  <reporter-output>
  </reporter-output>
  <suite started-at="2018-06-14T09:56:33Z" name="Kenzen Patch" finished-at="2018-06-14T09:56:55Z" duration-ms="21403">
    <groups>
    </groups>
    <test started-at="2018-06-14T09:56:33Z" name="Kenzen Testcases" finished-at="2018-06-14T09:56:55Z" duration-ms="21403">
      <class name="patch.deleteTeam">
        <test-method signature="delete(java.lang.String, java.lang.String, java.lang.String)[pri:0, instance:patch.deleteTeam@18518ccf]" started-at="2018-06-14T15:26:52Z" name="delete" data-provider="getDataExcel" finished-at="2018-06-14T15:26:53Z" duration-ms="843" status="PASS">
          <params>
            <param index="0">
              <value>
                <![CDATA[test1]]>
              </value>
            </param>
            <param index="1">
              <value>
                <![CDATA[qa@kenzen.com,qa1@kenzen.com]]>
              </value>
            </param>
            <param index="2">
              <value>
                <![CDATA[pardeepk@clovity.com]]>
              </value>
            </param>
          </params>
          <reporter-output>
          </reporter-output>
        </test-method> <!-- delete -->
        <test-method signature="delete(java.lang.String, java.lang.String, java.lang.String)[pri:0, instance:patch.deleteTeam@18518ccf]" started-at="2018-06-14T15:26:53Z" name="delete" data-provider="getDataExcel" finished-at="2018-06-14T15:26:53Z" duration-ms="266" status="PASS">
          <params>
            <param index="0">
              <value>
                <![CDATA[test2]]>
              </value>
            </param>
            <param index="1">
              <value>
                <![CDATA[qa@kenzen.com,qa1@kenzen.com]]>
              </value>
            </param>
            <param index="2">
              <value>
                <![CDATA[qa@kenzen.com]]>
              </value>
            </param>
          </params>
          <reporter-output>
          </reporter-output>
        </test-method> <!-- delete -->
        <test-method signature="delete(java.lang.String, java.lang.String, java.lang.String)[pri:0, instance:patch.deleteTeam@18518ccf]" started-at="2018-06-14T15:26:53Z" name="delete" data-provider="getDataExcel" finished-at="2018-06-14T15:26:53Z" duration-ms="231" status="PASS">
          <params>
            <param index="0">
              <value>
                <![CDATA[test3]]>
              </value>
            </param>
            <param index="1">
              <value>
                <![CDATA[qa@kenzen.com,qa1@kenzen.com]]>
              </value>
            </param>
            <param index="2">
              <value>
                <![CDATA[qa1@kenzen.com]]>
              </value>
            </param>
          </params>
          <reporter-output>
          </reporter-output>
        </test-method> <!-- delete -->
        <test-method signature="delete(java.lang.String, java.lang.String, java.lang.String)[pri:0, instance:patch.deleteTeam@18518ccf]" started-at="2018-06-14T15:26:53Z" name="delete" data-provider="getDataExcel" finished-at="2018-06-14T15:26:53Z" duration-ms="243" status="PASS">
          <params>
            <param index="0">
              <value>
                <![CDATA[test4]]>
              </value>
            </param>
            <param index="1">
              <value>
                <![CDATA[qa@kenzen.com,qa1@kenzen.com,pardeepk@clovity.com]]>
              </value>
            </param>
            <param index="2">
              <value>
                <![CDATA[pardeepk@clovity.com]]>
              </value>
            </param>
          </params>
          <reporter-output>
          </reporter-output>
        </test-method> <!-- delete -->
        <test-method signature="delete(java.lang.String, java.lang.String, java.lang.String)[pri:0, instance:patch.deleteTeam@18518ccf]" started-at="2018-06-14T15:26:53Z" name="delete" data-provider="getDataExcel" finished-at="2018-06-14T15:26:53Z" duration-ms="238" status="PASS">
          <params>
            <param index="0">
              <value>
                <![CDATA[test5]]>
              </value>
            </param>
            <param index="1">
              <value>
                <![CDATA[qa@kenzen.com,qa1@kenzen.com]]>
              </value>
            </param>
            <param index="2">
              <value>
                <![CDATA[qa@kenzen.com]]>
              </value>
            </param>
          </params>
          <reporter-output>
          </reporter-output>
        </test-method> <!-- delete -->
        <test-method signature="delete(java.lang.String, java.lang.String, java.lang.String)[pri:0, instance:patch.deleteTeam@18518ccf]" started-at="2018-06-14T15:26:53Z" name="delete" data-provider="getDataExcel" finished-at="2018-06-14T15:26:54Z" duration-ms="239" status="PASS">
          <params>
            <param index="0">
              <value>
                <![CDATA[test6]]>
              </value>
            </param>
            <param index="1">
              <value>
                <![CDATA[qa@kenzen.com,qa1@kenzen.com]]>
              </value>
            </param>
            <param index="2">
              <value>
                <![CDATA[qa1@kenzen.com]]>
              </value>
            </param>
          </params>
          <reporter-output>
          </reporter-output>
        </test-method> <!-- delete -->
        <test-method signature="delete(java.lang.String, java.lang.String, java.lang.String)[pri:0, instance:patch.deleteTeam@18518ccf]" started-at="2018-06-14T15:26:54Z" name="delete" data-provider="getDataExcel" finished-at="2018-06-14T15:26:54Z" duration-ms="246" status="PASS">
          <params>
            <param index="0">
              <value>
                <![CDATA[test7]]>
              </value>
            </param>
            <param index="1">
              <value>
                <![CDATA[qa@kenzen.com,qa1@kenzen.com]]>
              </value>
            </param>
            <param index="2">
              <value>
                <![CDATA[pardeepk@clovity.com]]>
              </value>
            </param>
          </params>
          <reporter-output>
          </reporter-output>
        </test-method> <!-- delete -->
        <test-method is-config="true" signature="closedriver()[pri:0, instance:patch.deleteTeam@18518ccf]" started-at="2018-06-14T15:26:54Z" name="closedriver" finished-at="2018-06-14T15:26:55Z" duration-ms="620" status="PASS">
          <reporter-output>
          </reporter-output>
        </test-method> <!-- closedriver -->
      </class> <!-- patch.deleteTeam -->
      <class name="patch.kenzenpatch">
        <test-method signature="login()[pri:0, instance:patch.kenzenpatch@67389cb8]" started-at="2018-06-14T15:26:33Z" name="login" finished-at="2018-06-14T15:26:39Z" duration-ms="6219" status="PASS">
          <reporter-output>
          </reporter-output>
        </test-method> <!-- login -->
      </class> <!-- patch.kenzenpatch -->
      <class name="patch.addteam">
        <test-method signature="teamadd(java.lang.String, java.lang.String, java.lang.String)[pri:0, instance:patch.addteam@39dcf4b0]" started-at="2018-06-14T15:26:40Z" name="teamadd" data-provider="getDataExcel" finished-at="2018-06-14T15:26:41Z" duration-ms="1816" status="PASS">
          <params>
            <param index="0">
              <value>
                <![CDATA[test1]]>
              </value>
            </param>
            <param index="1">
              <value>
                <![CDATA[qa@kenzen.com,qa1@kenzen.com]]>
              </value>
            </param>
            <param index="2">
              <value>
                <![CDATA[pardeepk@clovity.com]]>
              </value>
            </param>
          </params>
          <reporter-output>
          </reporter-output>
        </test-method> <!-- teamadd -->
        <test-method signature="teamadd(java.lang.String, java.lang.String, java.lang.String)[pri:0, instance:patch.addteam@39dcf4b0]" started-at="2018-06-14T15:26:41Z" name="teamadd" data-provider="getDataExcel" finished-at="2018-06-14T15:26:43Z" duration-ms="1386" status="PASS">
          <params>
            <param index="0">
              <value>
                <![CDATA[test2]]>
              </value>
            </param>
            <param index="1">
              <value>
                <![CDATA[qa@kenzen.com,qa1@kenzen.com]]>
              </value>
            </param>
            <param index="2">
              <value>
                <![CDATA[qa@kenzen.com]]>
              </value>
            </param>
          </params>
          <reporter-output>
          </reporter-output>
        </test-method> <!-- teamadd -->
        <test-method signature="teamadd(java.lang.String, java.lang.String, java.lang.String)[pri:0, instance:patch.addteam@39dcf4b0]" started-at="2018-06-14T15:26:43Z" name="teamadd" data-provider="getDataExcel" finished-at="2018-06-14T15:26:44Z" duration-ms="1401" status="PASS">
          <params>
            <param index="0">
              <value>
                <![CDATA[test3]]>
              </value>
            </param>
            <param index="1">
              <value>
                <![CDATA[qa@kenzen.com,qa1@kenzen.com]]>
              </value>
            </param>
            <param index="2">
              <value>
                <![CDATA[qa1@kenzen.com]]>
              </value>
            </param>
          </params>
          <reporter-output>
          </reporter-output>
        </test-method> <!-- teamadd -->
        <test-method signature="teamadd(java.lang.String, java.lang.String, java.lang.String)[pri:0, instance:patch.addteam@39dcf4b0]" started-at="2018-06-14T15:26:44Z" name="teamadd" data-provider="getDataExcel" finished-at="2018-06-14T15:26:46Z" duration-ms="1566" status="PASS">
          <params>
            <param index="0">
              <value>
                <![CDATA[test4]]>
              </value>
            </param>
            <param index="1">
              <value>
                <![CDATA[qa@kenzen.com,qa1@kenzen.com,pardeepk@clovity.com]]>
              </value>
            </param>
            <param index="2">
              <value>
                <![CDATA[pardeepk@clovity.com]]>
              </value>
            </param>
          </params>
          <reporter-output>
          </reporter-output>
        </test-method> <!-- teamadd -->
        <test-method signature="teamadd(java.lang.String, java.lang.String, java.lang.String)[pri:0, instance:patch.addteam@39dcf4b0]" started-at="2018-06-14T15:26:46Z" name="teamadd" data-provider="getDataExcel" finished-at="2018-06-14T15:26:49Z" duration-ms="2941" status="PASS">
          <params>
            <param index="0">
              <value>
                <![CDATA[test5]]>
              </value>
            </param>
            <param index="1">
              <value>
                <![CDATA[qa@kenzen.com,qa1@kenzen.com]]>
              </value>
            </param>
            <param index="2">
              <value>
                <![CDATA[qa@kenzen.com]]>
              </value>
            </param>
          </params>
          <reporter-output>
          </reporter-output>
        </test-method> <!-- teamadd -->
        <test-method signature="teamadd(java.lang.String, java.lang.String, java.lang.String)[pri:0, instance:patch.addteam@39dcf4b0]" started-at="2018-06-14T15:26:49Z" name="teamadd" data-provider="getDataExcel" finished-at="2018-06-14T15:26:50Z" duration-ms="1579" status="PASS">
          <params>
            <param index="0">
              <value>
                <![CDATA[test6]]>
              </value>
            </param>
            <param index="1">
              <value>
                <![CDATA[qa@kenzen.com,qa1@kenzen.com]]>
              </value>
            </param>
            <param index="2">
              <value>
                <![CDATA[qa1@kenzen.com]]>
              </value>
            </param>
          </params>
          <reporter-output>
          </reporter-output>
        </test-method> <!-- teamadd -->
        <test-method signature="teamadd(java.lang.String, java.lang.String, java.lang.String)[pri:0, instance:patch.addteam@39dcf4b0]" started-at="2018-06-14T15:26:50Z" name="teamadd" data-provider="getDataExcel" finished-at="2018-06-14T15:26:52Z" duration-ms="1427" status="PASS">
          <params>
            <param index="0">
              <value>
                <![CDATA[test7]]>
              </value>
            </param>
            <param index="1">
              <value>
                <![CDATA[qa@kenzen.com,qa1@kenzen.com]]>
              </value>
            </param>
            <param index="2">
              <value>
                <![CDATA[pardeepk@clovity.com]]>
              </value>
            </param>
          </params>
          <reporter-output>
          </reporter-output>
        </test-method> <!-- teamadd -->
      </class> <!-- patch.addteam -->
    </test> <!-- Kenzen Testcases -->
  </suite> <!-- Kenzen Patch -->
</testng-results>
