<?xml version="1.0" encoding="UTF-8"?>
<!-- Generated by org.testng.reporters.JUnitXMLReporter -->
<testsuite hostname="DESKTOP-FIHM0SU" failures="0" tests="15" name="Kenzen Testcases" time="21.403" errors="0" timestamp="14 Jun 2018 09:56:55 GMT">
  <testcase classname="patch.kenzenpatch" name="login" time="6.219"/>
  <testcase classname="patch.addteam" name="teamadd" time="1.816"/>
  <testcase classname="patch.addteam" name="teamadd" time="1.386"/>
  <testcase classname="patch.addteam" name="teamadd" time="1.401"/>
  <testcase classname="patch.addteam" name="teamadd" time="1.566"/>
  <testcase classname="patch.addteam" name="teamadd" time="2.941"/>
  <testcase classname="patch.addteam" name="teamadd" time="1.579"/>
  <testcase classname="patch.addteam" name="teamadd" time="1.427"/>
  <testcase classname="patch.deleteTeam" name="delete" time="0.843"/>
  <testcase classname="patch.deleteTeam" name="delete" time="0.266"/>
  <testcase classname="patch.deleteTeam" name="delete" time="0.231"/>
  <testcase classname="patch.deleteTeam" name="delete" time="0.243"/>
  <testcase classname="patch.deleteTeam" name="delete" time="0.238"/>
  <testcase classname="patch.deleteTeam" name="delete" time="0.239"/>
  <testcase classname="patch.deleteTeam" name="delete" time="0.246"/>
</testsuite> <!-- Kenzen Testcases -->
